<?xml version="1.0" encoding="UTF-8"?>
<testng-results ignored="0" total="1" passed="1" failed="0" skipped="0">
  <reporter-output>
  </reporter-output>
  <suite started-at="2024-09-15T01:40:18 IST" name="Default suite" finished-at="2024-09-15T01:40:20 IST" duration-ms="1245">
    <groups>
    </groups>
    <test started-at="2024-09-15T01:40:18 IST" name="Default test" finished-at="2024-09-15T01:40:20 IST" duration-ms="1245">
      <class name="Amazon.AmazonTest">
        <test-method is-config="true" signature="setUp()[pri:0, instance:Amazon.AmazonTest@6cf0e0ba]" started-at="2024-09-15T01:40:15 IST" name="setUp" finished-at="2024-09-15T01:40:18 IST" duration-ms="3353" status="PASS">
          <reporter-output>
          </reporter-output>
        </test-method> <!-- setUp -->
        <test-method signature="testAmazonHomePage()[pri:0, instance:Amazon.AmazonTest@6cf0e0ba]" started-at="2024-09-15T01:40:18 IST" name="testAmazonHomePage" finished-at="2024-09-15T01:40:20 IST" duration-ms="1223" status="PASS">
          <reporter-output>
          </reporter-output>
        </test-method> <!-- testAmazonHomePage -->
        <test-method is-config="true" signature="tearDown()[pri:0, instance:Amazon.AmazonTest@6cf0e0ba]" started-at="2024-09-15T01:40:20 IST" name="tearDown" finished-at="2024-09-15T01:40:20 IST" duration-ms="160" status="PASS">
          <reporter-output>
          </reporter-output>
        </test-method> <!-- tearDown -->
      </class> <!-- Amazon.AmazonTest -->
    </test> <!-- Default test -->
  </suite> <!-- Default suite -->
</testng-results>
